2024-11-08 13:38:04,381:WARNING:
'cuml' is a soft dependency and not included in the pycaret installation. Please run: `pip install cuml` to install.
2024-11-08 13:38:04,381:WARNING:
'cuml' is a soft dependency and not included in the pycaret installation. Please run: `pip install cuml` to install.
2024-11-08 13:38:04,381:WARNING:
'cuml' is a soft dependency and not included in the pycaret installation. Please run: `pip install cuml` to install.
2024-11-08 13:38:04,381:WARNING:
'cuml' is a soft dependency and not included in the pycaret installation. Please run: `pip install cuml` to install.
2024-11-08 13:58:57,653:WARNING:
'cuml' is a soft dependency and not included in the pycaret installation. Please run: `pip install cuml` to install.
2024-11-08 13:58:57,657:WARNING:
'cuml' is a soft dependency and not included in the pycaret installation. Please run: `pip install cuml` to install.
2024-11-08 13:58:57,658:WARNING:
'cuml' is a soft dependency and not included in the pycaret installation. Please run: `pip install cuml` to install.
2024-11-08 13:58:57,658:WARNING:
'cuml' is a soft dependency and not included in the pycaret installation. Please run: `pip install cuml` to install.
2024-11-08 14:18:47,948:INFO:PyCaret Supervised Module
2024-11-08 14:18:47,951:INFO:ML Usecase: classification
2024-11-08 14:18:47,951:INFO:version 2.3.10
2024-11-08 14:18:47,951:INFO:Initializing setup()
2024-11-08 14:18:47,952:INFO:setup(target=inpatient, ml_usecase=classification, available_plots={'parameter': 'Hyperparameters', 'auc': 'AUC', 'confusion_matrix': 'Confusion Matrix', 'threshold': 'Threshold', 'pr': 'Precision Recall', 'error': 'Prediction Error', 'class_report': 'Class Report', 'rfe': 'Feature Selection', 'learning': 'Learning Curve', 'manifold': 'Manifold Learning', 'calibration': 'Calibration Curve', 'vc': 'Validation Curve', 'dimension': 'Dimensions', 'feature': 'Feature Importance', 'feature_all': 'Feature Importance (All)', 'boundary': 'Decision Boundary', 'lift': 'Lift Chart', 'gain': 'Gain Chart', 'tree': 'Decision Tree', 'ks': 'KS Statistic Plot'}, train_size=0.7, test_data=None, preprocess=True, imputation_type=simple, iterative_imputation_iters=5, categorical_features=None, categorical_imputation=constant, categorical_iterative_imputer=lightgbm, ordinal_features=None, high_cardinality_features=None, high_cardinality_method=frequency, numeric_features=None, numeric_imputation=mean, numeric_iterative_imputer=lightgbm, date_features=None, ignore_features=None, normalize=False, normalize_method=zscore, transformation=False, transformation_method=yeo-johnson, handle_unknown_categorical=True, unknown_categorical_method=least_frequent, pca=False, pca_method=linear, pca_components=None, ignore_low_variance=False, combine_rare_levels=False, rare_level_threshold=0.1, bin_numeric_features=None, remove_outliers=False, outliers_threshold=0.05, remove_multicollinearity=False, multicollinearity_threshold=0.9, remove_perfect_collinearity=True, create_clusters=False, cluster_iter=20, polynomial_features=False, polynomial_degree=2, trigonometry_features=False, polynomial_threshold=0.1, group_features=None, group_names=None, feature_selection=False, feature_selection_threshold=0.8, feature_selection_method=classic, feature_interaction=False, feature_ratio=False, interaction_threshold=0.01, fix_imbalance=False, fix_imbalance_method=None, transform_target=False, transform_target_method=box-cox, data_split_shuffle=True, data_split_stratify=False, fold_strategy=stratifiedkfold, fold=10, fold_shuffle=False, fold_groups=None, n_jobs=-1, use_gpu=False, custom_pipeline=None, html=True, session_id=3, log_experiment=False, experiment_name=None, experiment_custom_tags=None, log_plots=False, log_profile=False, log_data=False, silent=False, verbose=True, profile=False, profile_kwargs=None, display=None)
2024-11-08 14:18:47,952:INFO:Checking environment
2024-11-08 14:18:47,952:INFO:python_version: 3.7.16
2024-11-08 14:18:47,952:INFO:python_build: ('default', 'Jan 17 2023 16:06:28')
2024-11-08 14:18:47,952:INFO:machine: AMD64
2024-11-08 14:18:47,952:INFO:platform: Windows-10-10.0.22621-SP0
2024-11-08 14:18:47,963:INFO:Memory: svmem(total=8361234432, available=1211654144, percent=85.5, used=7149580288, free=1211654144)
2024-11-08 14:18:47,963:INFO:Physical Core: 4
2024-11-08 14:18:47,963:INFO:Logical Core: 8
2024-11-08 14:18:47,963:INFO:Checking libraries
2024-11-08 14:18:47,963:INFO:pd==1.3.5
2024-11-08 14:18:47,963:INFO:numpy==1.19.5
2024-11-08 14:18:47,963:INFO:sklearn==0.23.2
2024-11-08 14:18:47,963:INFO:lightgbm==4.5.0
2024-11-08 14:18:47,965:WARNING:catboost not found
2024-11-08 14:18:47,965:WARNING:xgboost not found
2024-11-08 14:18:47,965:INFO:mlflow==1.30.1
2024-11-08 14:18:47,965:INFO:Checking Exceptions
2024-11-08 14:18:47,965:INFO:Declaring global variables
2024-11-08 14:18:47,965:INFO:USI: 06e4
2024-11-08 14:18:47,965:INFO:pycaret_globals: {'dashboard_logger', 'y', 'fold_param', 'display_container', 'transform_target_param', 'imputation_classifier', 'imputation_regressor', 'master_model_container', '_ml_usecase', 'log_plots_param', 'experiment__', 'seed', 'data_before_preprocess', 'gpu_param', 'y_train', 'fold_generator', '_available_plots', 'fix_imbalance_param', 'prep_pipe', 'target_param', 'logging_param', '_all_models_internal', 'fix_imbalance_method_param', 'X', 'iterative_imputation_iters_param', 'stratify_param', '_gpu_n_jobs_param', 'html_param', 'pycaret_globals', 'exp_name_log', 'X_test', '_all_models', '_internal_pipeline', 'fold_groups_param', 'create_model_container', 'transform_target_method_param', 'n_jobs_param', 'y_test', 'USI', '_all_metrics', 'fold_groups_param_full', 'fold_shuffle_param', 'X_train'}
2024-11-08 14:18:47,965:INFO:Preparing display monitor
2024-11-08 14:18:47,965:INFO:Preparing display monitor
2024-11-08 14:18:47,994:INFO:Importing libraries
2024-11-08 14:18:47,994:INFO:Copying data for preprocessing
2024-11-08 14:18:48,019:INFO:Declaring preprocessing parameters
2024-11-08 14:18:48,020:INFO:Creating preprocessing pipeline
2024-11-08 14:18:48,044:INFO:Preprocessing pipeline created successfully
2024-11-08 14:18:48,044:ERROR:(Process Exit): setup has been interupted with user command 'quit'. setup must rerun.
2024-11-08 14:18:48,044:INFO:Creating global containers
2024-11-08 14:18:48,044:INFO:Internal pipeline: Pipeline(memory=None, steps=[('empty_step', 'passthrough')], verbose=False)
2024-11-08 14:21:13,791:WARNING:Couldn't import xgboost.XGBClassifier
2024-11-08 14:21:13,791:WARNING:Couldn't import catboost.CatBoostClassifier
2024-11-08 14:21:14,064:WARNING:Couldn't import xgboost.XGBClassifier
2024-11-08 14:21:14,066:WARNING:Couldn't import catboost.CatBoostClassifier
2024-11-08 14:21:14,066:INFO:Creating grid variables
2024-11-08 14:21:14,104:INFO:create_model_container: 0
2024-11-08 14:21:14,104:INFO:master_model_container: 0
2024-11-08 14:21:14,104:INFO:display_container: 1
2024-11-08 14:21:14,117:INFO:Pipeline(memory=None,
         steps=[('dtypes',
                 DataTypes_Auto_infer(categorical_features=[],
                                      display_types=True, features_todrop=[],
                                      id_columns=[],
                                      ml_usecase='classification',
                                      numerical_features=[], target='inpatient',
                                      time_features=[])),
                ('imputer',
                 Simple_Imputer(categorical_strategy='not_available',
                                fill_value_categorical=None,
                                fill_value_numerical=None,
                                numeric_st...
                ('scaling', 'passthrough'), ('P_transform', 'passthrough'),
                ('binn', 'passthrough'), ('rem_outliers', 'passthrough'),
                ('cluster_all', 'passthrough'),
                ('dummy', Dummify(target='inpatient')),
                ('fix_perfect', Remove_100(target='inpatient')),
                ('clean_names', Clean_Colum_Names()),
                ('feature_select', 'passthrough'), ('fix_multi', 'passthrough'),
                ('dfs', 'passthrough'), ('pca', 'passthrough')],
         verbose=False)
2024-11-08 14:21:14,120:INFO:setup() succesfully completed......................................
2024-11-08 14:23:08,752:INFO:PyCaret Supervised Module
2024-11-08 14:23:08,752:INFO:ML Usecase: classification
2024-11-08 14:23:08,752:INFO:version 2.3.10
2024-11-08 14:23:08,752:INFO:Initializing setup()
2024-11-08 14:23:08,752:INFO:setup(target=inpatient, ml_usecase=classification, available_plots={'parameter': 'Hyperparameters', 'auc': 'AUC', 'confusion_matrix': 'Confusion Matrix', 'threshold': 'Threshold', 'pr': 'Precision Recall', 'error': 'Prediction Error', 'class_report': 'Class Report', 'rfe': 'Feature Selection', 'learning': 'Learning Curve', 'manifold': 'Manifold Learning', 'calibration': 'Calibration Curve', 'vc': 'Validation Curve', 'dimension': 'Dimensions', 'feature': 'Feature Importance', 'feature_all': 'Feature Importance (All)', 'boundary': 'Decision Boundary', 'lift': 'Lift Chart', 'gain': 'Gain Chart', 'tree': 'Decision Tree', 'ks': 'KS Statistic Plot'}, train_size=0.7, test_data=None, preprocess=True, imputation_type=simple, iterative_imputation_iters=5, categorical_features=None, categorical_imputation=constant, categorical_iterative_imputer=lightgbm, ordinal_features=None, high_cardinality_features=None, high_cardinality_method=frequency, numeric_features=None, numeric_imputation=mean, numeric_iterative_imputer=lightgbm, date_features=None, ignore_features=None, normalize=False, normalize_method=zscore, transformation=False, transformation_method=yeo-johnson, handle_unknown_categorical=True, unknown_categorical_method=least_frequent, pca=False, pca_method=linear, pca_components=None, ignore_low_variance=False, combine_rare_levels=False, rare_level_threshold=0.1, bin_numeric_features=None, remove_outliers=False, outliers_threshold=0.05, remove_multicollinearity=False, multicollinearity_threshold=0.9, remove_perfect_collinearity=True, create_clusters=False, cluster_iter=20, polynomial_features=False, polynomial_degree=2, trigonometry_features=False, polynomial_threshold=0.1, group_features=None, group_names=None, feature_selection=False, feature_selection_threshold=0.8, feature_selection_method=classic, feature_interaction=False, feature_ratio=False, interaction_threshold=0.01, fix_imbalance=False, fix_imbalance_method=None, transform_target=False, transform_target_method=box-cox, data_split_shuffle=True, data_split_stratify=False, fold_strategy=stratifiedkfold, fold=10, fold_shuffle=False, fold_groups=None, n_jobs=-1, use_gpu=False, custom_pipeline=None, html=True, session_id=None, log_experiment=False, experiment_name=None, experiment_custom_tags=None, log_plots=False, log_profile=False, log_data=False, silent=False, verbose=True, profile=False, profile_kwargs=None, display=None)
2024-11-08 14:23:08,752:INFO:Checking environment
2024-11-08 14:23:08,752:INFO:python_version: 3.7.16
2024-11-08 14:23:08,752:INFO:python_build: ('default', 'Jan 17 2023 16:06:28')
2024-11-08 14:23:08,752:INFO:machine: AMD64
2024-11-08 14:23:08,752:INFO:platform: Windows-10-10.0.22621-SP0
2024-11-08 14:23:08,764:INFO:Memory: svmem(total=8361234432, available=1265750016, percent=84.9, used=7095484416, free=1265750016)
2024-11-08 14:23:08,764:INFO:Physical Core: 4
2024-11-08 14:23:08,764:INFO:Logical Core: 8
2024-11-08 14:23:08,764:INFO:Checking libraries
2024-11-08 14:23:08,764:INFO:pd==1.3.5
2024-11-08 14:23:08,764:INFO:numpy==1.19.5
2024-11-08 14:23:08,766:INFO:sklearn==0.23.2
2024-11-08 14:23:08,766:INFO:lightgbm==4.5.0
2024-11-08 14:23:08,769:WARNING:catboost not found
2024-11-08 14:23:08,769:WARNING:xgboost not found
2024-11-08 14:23:08,769:INFO:mlflow==1.30.1
2024-11-08 14:23:08,769:INFO:Checking Exceptions
2024-11-08 14:23:08,769:INFO:Declaring global variables
2024-11-08 14:23:08,769:INFO:USI: 9617
2024-11-08 14:23:08,769:INFO:pycaret_globals: {'dashboard_logger', 'y', 'fold_param', 'display_container', 'transform_target_param', 'imputation_classifier', 'imputation_regressor', 'master_model_container', '_ml_usecase', 'log_plots_param', 'experiment__', 'seed', 'data_before_preprocess', 'gpu_param', 'y_train', 'fold_generator', '_available_plots', 'fix_imbalance_param', 'prep_pipe', 'target_param', 'logging_param', '_all_models_internal', 'fix_imbalance_method_param', 'X', 'iterative_imputation_iters_param', 'stratify_param', '_gpu_n_jobs_param', 'html_param', 'pycaret_globals', 'exp_name_log', 'X_test', '_all_models', '_internal_pipeline', 'fold_groups_param', 'create_model_container', 'transform_target_method_param', 'n_jobs_param', 'y_test', 'USI', '_all_metrics', 'fold_groups_param_full', 'fold_shuffle_param', 'X_train'}
2024-11-08 14:23:08,769:INFO:Preparing display monitor
2024-11-08 14:23:08,769:INFO:Preparing display monitor
2024-11-08 14:23:08,797:INFO:Importing libraries
2024-11-08 14:23:08,797:INFO:Copying data for preprocessing
2024-11-08 14:23:08,817:INFO:Declaring preprocessing parameters
2024-11-08 14:23:08,817:INFO:Creating preprocessing pipeline
2024-11-08 14:23:08,838:INFO:Preprocessing pipeline created successfully
2024-11-08 14:23:08,838:ERROR:(Process Exit): setup has been interupted with user command 'quit'. setup must rerun.
2024-11-08 14:23:08,838:INFO:Creating global containers
2024-11-08 14:23:08,838:INFO:Internal pipeline: Pipeline(memory=None, steps=[('empty_step', 'passthrough')], verbose=False)
2024-11-08 14:23:13,129:WARNING:Couldn't import xgboost.XGBClassifier
2024-11-08 14:23:13,132:WARNING:Couldn't import catboost.CatBoostClassifier
2024-11-08 14:23:13,402:WARNING:Couldn't import xgboost.XGBClassifier
2024-11-08 14:23:13,402:WARNING:Couldn't import catboost.CatBoostClassifier
2024-11-08 14:23:13,402:INFO:Creating grid variables
2024-11-08 14:23:13,435:INFO:create_model_container: 0
2024-11-08 14:23:13,435:INFO:master_model_container: 0
2024-11-08 14:23:13,435:INFO:display_container: 1
2024-11-08 14:23:13,457:INFO:Pipeline(memory=None,
         steps=[('dtypes',
                 DataTypes_Auto_infer(categorical_features=[],
                                      display_types=True, features_todrop=[],
                                      id_columns=[],
                                      ml_usecase='classification',
                                      numerical_features=[], target='inpatient',
                                      time_features=[])),
                ('imputer',
                 Simple_Imputer(categorical_strategy='not_available',
                                fill_value_categorical=None,
                                fill_value_numerical=None,
                                numeric_st...
                ('scaling', 'passthrough'), ('P_transform', 'passthrough'),
                ('binn', 'passthrough'), ('rem_outliers', 'passthrough'),
                ('cluster_all', 'passthrough'),
                ('dummy', Dummify(target='inpatient')),
                ('fix_perfect', Remove_100(target='inpatient')),
                ('clean_names', Clean_Colum_Names()),
                ('feature_select', 'passthrough'), ('fix_multi', 'passthrough'),
                ('dfs', 'passthrough'), ('pca', 'passthrough')],
         verbose=False)
2024-11-08 14:23:13,457:INFO:setup() succesfully completed......................................
2024-11-08 14:23:19,590:INFO:Initializing compare_models()
2024-11-08 14:23:19,590:INFO:compare_models(include=None, fold=None, round=4, cross_validation=True, sort=Accuracy, n_select=1, budget_time=None, turbo=True, errors=ignore, fit_kwargs=None, groups=None, experiment_custom_tags=None, probability_threshold=None, verbose=True, display=None, exclude=None)
2024-11-08 14:23:19,590:INFO:Checking exceptions
2024-11-08 14:23:19,595:INFO:Preparing display monitor
2024-11-08 14:23:19,595:INFO:Preparing display monitor
2024-11-08 14:23:19,651:INFO:Initializing Logistic Regression
2024-11-08 14:23:19,651:INFO:Total runtime is 0.0 minutes
2024-11-08 14:23:19,666:INFO:SubProcess create_model() called ==================================
2024-11-08 14:23:19,666:INFO:Initializing create_model()
2024-11-08 14:23:19,666:INFO:create_model(estimator=lr, fold=StratifiedKFold(n_splits=10, random_state=None, shuffle=False), round=4, cross_validation=True, predict=True, fit_kwargs={}, groups=None, refit=False, verbose=False, system=False, metrics=None, experiment_custom_tags=None, add_to_model_list=True, probability_threshold=None, display=<pycaret.internal.Display.Display object at 0x0000026FF48550C8>, return_train_score=False, kwargs={})
2024-11-08 14:23:19,666:INFO:Checking exceptions
2024-11-08 14:23:19,666:INFO:Importing libraries
2024-11-08 14:23:19,666:INFO:Copying training dataset
2024-11-08 14:23:19,666:INFO:Defining folds
2024-11-08 14:23:19,674:INFO:Declaring metric variables
2024-11-08 14:23:19,692:INFO:Importing untrained model
2024-11-08 14:23:19,718:INFO:Logistic Regression Imported succesfully
2024-11-08 14:23:19,767:INFO:Starting cross validation
2024-11-08 14:23:19,773:INFO:Cross validating with StratifiedKFold(n_splits=10, random_state=None, shuffle=False), n_jobs=-1
2024-11-08 14:23:30,641:INFO:Calculating mean and std
2024-11-08 14:23:30,645:INFO:Creating metrics dataframe
2024-11-08 14:23:30,664:INFO:Uploading results into container
2024-11-08 14:23:30,664:INFO:Uploading model into container now
2024-11-08 14:23:30,664:INFO:create_model_container: 1
2024-11-08 14:23:30,664:INFO:master_model_container: 1
2024-11-08 14:23:30,664:INFO:display_container: 2
2024-11-08 14:23:30,667:INFO:LogisticRegression(C=1.0, class_weight=None, dual=False, fit_intercept=True,
                   intercept_scaling=1, l1_ratio=None, max_iter=1000,
                   multi_class='auto', n_jobs=None, penalty='l2',
                   random_state=3149, solver='lbfgs', tol=0.0001, verbose=0,
                   warm_start=False)
2024-11-08 14:23:30,667:INFO:create_model() succesfully completed......................................
2024-11-08 14:23:30,802:INFO:SubProcess create_model() end ==================================
2024-11-08 14:23:30,802:INFO:Creating metrics dataframe
2024-11-08 14:23:30,859:INFO:Initializing K Neighbors Classifier
2024-11-08 14:23:30,859:INFO:Total runtime is 0.1868014891942342 minutes
2024-11-08 14:23:30,891:INFO:SubProcess create_model() called ==================================
2024-11-08 14:23:30,899:INFO:Initializing create_model()
2024-11-08 14:23:30,900:INFO:create_model(estimator=knn, fold=StratifiedKFold(n_splits=10, random_state=None, shuffle=False), round=4, cross_validation=True, predict=True, fit_kwargs={}, groups=None, refit=False, verbose=False, system=False, metrics=None, experiment_custom_tags=None, add_to_model_list=True, probability_threshold=None, display=<pycaret.internal.Display.Display object at 0x0000026FF48550C8>, return_train_score=False, kwargs={})
2024-11-08 14:23:30,900:INFO:Checking exceptions
2024-11-08 14:23:30,900:INFO:Importing libraries
2024-11-08 14:23:30,900:INFO:Copying training dataset
2024-11-08 14:23:30,900:INFO:Defining folds
2024-11-08 14:23:30,900:INFO:Declaring metric variables
2024-11-08 14:23:30,940:INFO:Importing untrained model
2024-11-08 14:23:30,975:INFO:K Neighbors Classifier Imported succesfully
2024-11-08 14:23:31,039:INFO:Starting cross validation
2024-11-08 14:23:31,039:INFO:Cross validating with StratifiedKFold(n_splits=10, random_state=None, shuffle=False), n_jobs=-1
2024-11-08 14:23:31,714:INFO:Calculating mean and std
2024-11-08 14:23:31,718:INFO:Creating metrics dataframe
2024-11-08 14:23:31,754:INFO:Uploading results into container
2024-11-08 14:23:31,754:INFO:Uploading model into container now
2024-11-08 14:23:31,754:INFO:create_model_container: 2
2024-11-08 14:23:31,754:INFO:master_model_container: 2
2024-11-08 14:23:31,754:INFO:display_container: 2
2024-11-08 14:23:31,754:INFO:KNeighborsClassifier(algorithm='auto', leaf_size=30, metric='minkowski',
                     metric_params=None, n_jobs=-1, n_neighbors=5, p=2,
                     weights='uniform')
2024-11-08 14:23:31,761:INFO:create_model() succesfully completed......................................
2024-11-08 14:23:31,938:INFO:SubProcess create_model() end ==================================
2024-11-08 14:23:31,938:INFO:Creating metrics dataframe
2024-11-08 14:23:31,991:INFO:Initializing Naive Bayes
2024-11-08 14:23:31,991:INFO:Total runtime is 0.2056676149368286 minutes
2024-11-08 14:23:32,012:INFO:SubProcess create_model() called ==================================
2024-11-08 14:23:32,016:INFO:Initializing create_model()
2024-11-08 14:23:32,016:INFO:create_model(estimator=nb, fold=StratifiedKFold(n_splits=10, random_state=None, shuffle=False), round=4, cross_validation=True, predict=True, fit_kwargs={}, groups=None, refit=False, verbose=False, system=False, metrics=None, experiment_custom_tags=None, add_to_model_list=True, probability_threshold=None, display=<pycaret.internal.Display.Display object at 0x0000026FF48550C8>, return_train_score=False, kwargs={})
2024-11-08 14:23:32,016:INFO:Checking exceptions
2024-11-08 14:23:32,016:INFO:Importing libraries
2024-11-08 14:23:32,016:INFO:Copying training dataset
2024-11-08 14:23:32,017:INFO:Defining folds
2024-11-08 14:23:32,017:INFO:Declaring metric variables
2024-11-08 14:23:32,038:INFO:Importing untrained model
2024-11-08 14:23:32,062:INFO:Naive Bayes Imported succesfully
2024-11-08 14:23:32,102:INFO:Starting cross validation
2024-11-08 14:23:32,102:INFO:Cross validating with StratifiedKFold(n_splits=10, random_state=None, shuffle=False), n_jobs=-1
2024-11-08 14:23:32,196:INFO:Calculating mean and std
2024-11-08 14:23:32,196:INFO:Creating metrics dataframe
2024-11-08 14:23:32,211:INFO:Uploading results into container
2024-11-08 14:23:32,211:INFO:Uploading model into container now
2024-11-08 14:23:32,211:INFO:create_model_container: 3
2024-11-08 14:23:32,212:INFO:master_model_container: 3
2024-11-08 14:23:32,212:INFO:display_container: 2
2024-11-08 14:23:32,212:INFO:GaussianNB(priors=None, var_smoothing=1e-09)
2024-11-08 14:23:32,212:INFO:create_model() succesfully completed......................................
2024-11-08 14:23:32,302:INFO:SubProcess create_model() end ==================================
2024-11-08 14:23:32,302:INFO:Creating metrics dataframe
2024-11-08 14:23:32,346:INFO:Initializing Decision Tree Classifier
2024-11-08 14:23:32,346:INFO:Total runtime is 0.21159332195917765 minutes
2024-11-08 14:23:32,364:INFO:SubProcess create_model() called ==================================
2024-11-08 14:23:32,368:INFO:Initializing create_model()
2024-11-08 14:23:32,368:INFO:create_model(estimator=dt, fold=StratifiedKFold(n_splits=10, random_state=None, shuffle=False), round=4, cross_validation=True, predict=True, fit_kwargs={}, groups=None, refit=False, verbose=False, system=False, metrics=None, experiment_custom_tags=None, add_to_model_list=True, probability_threshold=None, display=<pycaret.internal.Display.Display object at 0x0000026FF48550C8>, return_train_score=False, kwargs={})
2024-11-08 14:23:32,368:INFO:Checking exceptions
2024-11-08 14:23:32,368:INFO:Importing libraries
2024-11-08 14:23:32,368:INFO:Copying training dataset
2024-11-08 14:23:32,370:INFO:Defining folds
2024-11-08 14:23:32,370:INFO:Declaring metric variables
2024-11-08 14:23:32,384:INFO:Importing untrained model
2024-11-08 14:23:32,410:INFO:Decision Tree Classifier Imported succesfully
2024-11-08 14:23:32,453:INFO:Starting cross validation
2024-11-08 14:23:32,453:INFO:Cross validating with StratifiedKFold(n_splits=10, random_state=None, shuffle=False), n_jobs=-1
2024-11-08 14:23:32,568:INFO:Calculating mean and std
2024-11-08 14:23:32,569:INFO:Creating metrics dataframe
2024-11-08 14:23:32,583:INFO:Uploading results into container
2024-11-08 14:23:32,583:INFO:Uploading model into container now
2024-11-08 14:23:32,583:INFO:create_model_container: 4
2024-11-08 14:23:32,583:INFO:master_model_container: 4
2024-11-08 14:23:32,583:INFO:display_container: 2
2024-11-08 14:23:32,584:INFO:DecisionTreeClassifier(ccp_alpha=0.0, class_weight=None, criterion='gini',
                       max_depth=None, max_features=None, max_leaf_nodes=None,
                       min_impurity_decrease=0.0, min_impurity_split=None,
                       min_samples_leaf=1, min_samples_split=2,
                       min_weight_fraction_leaf=0.0, presort='deprecated',
                       random_state=3149, splitter='best')
2024-11-08 14:23:32,584:INFO:create_model() succesfully completed......................................
2024-11-08 14:23:32,699:INFO:SubProcess create_model() end ==================================
2024-11-08 14:23:32,699:INFO:Creating metrics dataframe
2024-11-08 14:23:32,743:INFO:Initializing SVM - Linear Kernel
2024-11-08 14:23:32,743:INFO:Total runtime is 0.21820329030354818 minutes
2024-11-08 14:23:32,760:INFO:SubProcess create_model() called ==================================
2024-11-08 14:23:32,764:INFO:Initializing create_model()
2024-11-08 14:23:32,764:INFO:create_model(estimator=svm, fold=StratifiedKFold(n_splits=10, random_state=None, shuffle=False), round=4, cross_validation=True, predict=True, fit_kwargs={}, groups=None, refit=False, verbose=False, system=False, metrics=None, experiment_custom_tags=None, add_to_model_list=True, probability_threshold=None, display=<pycaret.internal.Display.Display object at 0x0000026FF48550C8>, return_train_score=False, kwargs={})
2024-11-08 14:23:32,765:INFO:Checking exceptions
2024-11-08 14:23:32,765:INFO:Importing libraries
2024-11-08 14:23:32,765:INFO:Copying training dataset
2024-11-08 14:23:32,766:INFO:Defining folds
2024-11-08 14:23:32,766:INFO:Declaring metric variables
2024-11-08 14:23:32,789:INFO:Importing untrained model
2024-11-08 14:23:32,809:INFO:SVM - Linear Kernel Imported succesfully
2024-11-08 14:23:32,853:INFO:Starting cross validation
2024-11-08 14:23:32,854:INFO:Cross validating with StratifiedKFold(n_splits=10, random_state=None, shuffle=False), n_jobs=-1
2024-11-08 14:23:32,967:INFO:Calculating mean and std
2024-11-08 14:23:32,967:INFO:Creating metrics dataframe
2024-11-08 14:23:32,982:INFO:Uploading results into container
2024-11-08 14:23:32,982:INFO:Uploading model into container now
2024-11-08 14:23:32,982:INFO:create_model_container: 5
2024-11-08 14:23:32,983:INFO:master_model_container: 5
2024-11-08 14:23:32,983:INFO:display_container: 2
2024-11-08 14:23:32,983:INFO:SGDClassifier(alpha=0.0001, average=False, class_weight=None,
              early_stopping=False, epsilon=0.1, eta0=0.001, fit_intercept=True,
              l1_ratio=0.15, learning_rate='optimal', loss='hinge',
              max_iter=1000, n_iter_no_change=5, n_jobs=-1, penalty='l2',
              power_t=0.5, random_state=3149, shuffle=True, tol=0.001,
              validation_fraction=0.1, verbose=0, warm_start=False)
2024-11-08 14:23:32,983:INFO:create_model() succesfully completed......................................
2024-11-08 14:23:33,097:INFO:SubProcess create_model() end ==================================
2024-11-08 14:23:33,097:INFO:Creating metrics dataframe
2024-11-08 14:23:33,137:INFO:Initializing Ridge Classifier
2024-11-08 14:23:33,137:INFO:Total runtime is 0.22477895816167195 minutes
2024-11-08 14:23:33,157:INFO:SubProcess create_model() called ==================================
2024-11-08 14:23:33,160:INFO:Initializing create_model()
2024-11-08 14:23:33,160:INFO:create_model(estimator=ridge, fold=StratifiedKFold(n_splits=10, random_state=None, shuffle=False), round=4, cross_validation=True, predict=True, fit_kwargs={}, groups=None, refit=False, verbose=False, system=False, metrics=None, experiment_custom_tags=None, add_to_model_list=True, probability_threshold=None, display=<pycaret.internal.Display.Display object at 0x0000026FF48550C8>, return_train_score=False, kwargs={})
2024-11-08 14:23:33,160:INFO:Checking exceptions
2024-11-08 14:23:33,162:INFO:Importing libraries
2024-11-08 14:23:33,162:INFO:Copying training dataset
2024-11-08 14:23:33,162:INFO:Defining folds
2024-11-08 14:23:33,162:INFO:Declaring metric variables
2024-11-08 14:23:33,180:INFO:Importing untrained model
2024-11-08 14:23:33,211:INFO:Ridge Classifier Imported succesfully
2024-11-08 14:23:33,244:INFO:Starting cross validation
2024-11-08 14:23:33,244:INFO:Cross validating with StratifiedKFold(n_splits=10, random_state=None, shuffle=False), n_jobs=-1
2024-11-08 14:23:33,335:INFO:Calculating mean and std
2024-11-08 14:23:33,344:INFO:Creating metrics dataframe
2024-11-08 14:23:33,353:INFO:Uploading results into container
2024-11-08 14:23:33,353:INFO:Uploading model into container now
2024-11-08 14:23:33,353:INFO:create_model_container: 6
2024-11-08 14:23:33,353:INFO:master_model_container: 6
2024-11-08 14:23:33,353:INFO:display_container: 2
2024-11-08 14:23:33,355:INFO:RidgeClassifier(alpha=1.0, class_weight=None, copy_X=True, fit_intercept=True,
                max_iter=None, normalize=False, random_state=3149,
                solver='auto', tol=0.001)
2024-11-08 14:23:33,355:INFO:create_model() succesfully completed......................................
2024-11-08 14:23:33,459:INFO:SubProcess create_model() end ==================================
2024-11-08 14:23:33,459:INFO:Creating metrics dataframe
2024-11-08 14:23:33,483:INFO:Initializing Random Forest Classifier
2024-11-08 14:23:33,483:INFO:Total runtime is 0.23054147958755494 minutes
2024-11-08 14:23:33,507:INFO:SubProcess create_model() called ==================================
2024-11-08 14:23:33,507:INFO:Initializing create_model()
2024-11-08 14:23:33,507:INFO:create_model(estimator=rf, fold=StratifiedKFold(n_splits=10, random_state=None, shuffle=False), round=4, cross_validation=True, predict=True, fit_kwargs={}, groups=None, refit=False, verbose=False, system=False, metrics=None, experiment_custom_tags=None, add_to_model_list=True, probability_threshold=None, display=<pycaret.internal.Display.Display object at 0x0000026FF48550C8>, return_train_score=False, kwargs={})
2024-11-08 14:23:33,508:INFO:Checking exceptions
2024-11-08 14:23:33,508:INFO:Importing libraries
2024-11-08 14:23:33,508:INFO:Copying training dataset
2024-11-08 14:23:33,510:INFO:Defining folds
2024-11-08 14:23:33,510:INFO:Declaring metric variables
2024-11-08 14:23:33,523:INFO:Importing untrained model
2024-11-08 14:23:33,545:INFO:Random Forest Classifier Imported succesfully
2024-11-08 14:23:33,580:INFO:Starting cross validation
2024-11-08 14:23:33,580:INFO:Cross validating with StratifiedKFold(n_splits=10, random_state=None, shuffle=False), n_jobs=-1
2024-11-08 14:23:36,222:INFO:Calculating mean and std
2024-11-08 14:23:36,226:INFO:Creating metrics dataframe
2024-11-08 14:23:36,241:INFO:Uploading results into container
2024-11-08 14:23:36,241:INFO:Uploading model into container now
2024-11-08 14:23:36,241:INFO:create_model_container: 7
2024-11-08 14:23:36,244:INFO:master_model_container: 7
2024-11-08 14:23:36,244:INFO:display_container: 2
2024-11-08 14:23:36,246:INFO:RandomForestClassifier(bootstrap=True, ccp_alpha=0.0, class_weight=None,
                       criterion='gini', max_depth=None, max_features='auto',
                       max_leaf_nodes=None, max_samples=None,
                       min_impurity_decrease=0.0, min_impurity_split=None,
                       min_samples_leaf=1, min_samples_split=2,
                       min_weight_fraction_leaf=0.0, n_estimators=100,
                       n_jobs=-1, oob_score=False, random_state=3149, verbose=0,
                       warm_start=False)
2024-11-08 14:23:36,246:INFO:create_model() succesfully completed......................................
2024-11-08 14:23:36,398:INFO:SubProcess create_model() end ==================================
2024-11-08 14:23:36,398:INFO:Creating metrics dataframe
2024-11-08 14:23:36,459:INFO:Initializing Quadratic Discriminant Analysis
2024-11-08 14:23:36,459:INFO:Total runtime is 0.2801339149475098 minutes
2024-11-08 14:23:36,487:INFO:SubProcess create_model() called ==================================
2024-11-08 14:23:36,487:INFO:Initializing create_model()
2024-11-08 14:23:36,487:INFO:create_model(estimator=qda, fold=StratifiedKFold(n_splits=10, random_state=None, shuffle=False), round=4, cross_validation=True, predict=True, fit_kwargs={}, groups=None, refit=False, verbose=False, system=False, metrics=None, experiment_custom_tags=None, add_to_model_list=True, probability_threshold=None, display=<pycaret.internal.Display.Display object at 0x0000026FF48550C8>, return_train_score=False, kwargs={})
2024-11-08 14:23:36,487:INFO:Checking exceptions
2024-11-08 14:23:36,487:INFO:Importing libraries
2024-11-08 14:23:36,487:INFO:Copying training dataset
2024-11-08 14:23:36,487:INFO:Defining folds
2024-11-08 14:23:36,487:INFO:Declaring metric variables
2024-11-08 14:23:36,522:INFO:Importing untrained model
2024-11-08 14:23:36,552:INFO:Quadratic Discriminant Analysis Imported succesfully
2024-11-08 14:23:36,618:INFO:Starting cross validation
2024-11-08 14:23:36,619:INFO:Cross validating with StratifiedKFold(n_splits=10, random_state=None, shuffle=False), n_jobs=-1
2024-11-08 14:23:36,742:INFO:Calculating mean and std
2024-11-08 14:23:36,742:INFO:Creating metrics dataframe
2024-11-08 14:23:36,758:INFO:Uploading results into container
2024-11-08 14:23:36,758:INFO:Uploading model into container now
2024-11-08 14:23:36,758:INFO:create_model_container: 8
2024-11-08 14:23:36,758:INFO:master_model_container: 8
2024-11-08 14:23:36,758:INFO:display_container: 2
2024-11-08 14:23:36,763:INFO:QuadraticDiscriminantAnalysis(priors=None, reg_param=0.0,
                              store_covariance=False, tol=0.0001)
2024-11-08 14:23:36,763:INFO:create_model() succesfully completed......................................
2024-11-08 14:23:36,880:INFO:SubProcess create_model() end ==================================
2024-11-08 14:23:36,880:INFO:Creating metrics dataframe
2024-11-08 14:23:36,937:INFO:Initializing Ada Boost Classifier
2024-11-08 14:23:36,937:INFO:Total runtime is 0.28810583750406904 minutes
2024-11-08 14:23:36,966:INFO:SubProcess create_model() called ==================================
2024-11-08 14:23:36,967:INFO:Initializing create_model()
2024-11-08 14:23:36,967:INFO:create_model(estimator=ada, fold=StratifiedKFold(n_splits=10, random_state=None, shuffle=False), round=4, cross_validation=True, predict=True, fit_kwargs={}, groups=None, refit=False, verbose=False, system=False, metrics=None, experiment_custom_tags=None, add_to_model_list=True, probability_threshold=None, display=<pycaret.internal.Display.Display object at 0x0000026FF48550C8>, return_train_score=False, kwargs={})
2024-11-08 14:23:36,967:INFO:Checking exceptions
2024-11-08 14:23:36,967:INFO:Importing libraries
2024-11-08 14:23:36,967:INFO:Copying training dataset
2024-11-08 14:23:36,970:INFO:Defining folds
2024-11-08 14:23:36,971:INFO:Declaring metric variables
2024-11-08 14:23:36,995:INFO:Importing untrained model
2024-11-08 14:23:37,030:INFO:Ada Boost Classifier Imported succesfully
2024-11-08 14:23:37,086:INFO:Starting cross validation
2024-11-08 14:23:37,086:INFO:Cross validating with StratifiedKFold(n_splits=10, random_state=None, shuffle=False), n_jobs=-1
2024-11-08 14:23:37,884:INFO:Calculating mean and std
2024-11-08 14:23:37,892:INFO:Creating metrics dataframe
2024-11-08 14:23:37,908:INFO:Uploading results into container
2024-11-08 14:23:37,908:INFO:Uploading model into container now
2024-11-08 14:23:37,908:INFO:create_model_container: 9
2024-11-08 14:23:37,908:INFO:master_model_container: 9
2024-11-08 14:23:37,908:INFO:display_container: 2
2024-11-08 14:23:37,908:INFO:AdaBoostClassifier(algorithm='SAMME.R', base_estimator=None, learning_rate=1.0,
                   n_estimators=50, random_state=3149)
2024-11-08 14:23:37,916:INFO:create_model() succesfully completed......................................
2024-11-08 14:23:38,042:INFO:SubProcess create_model() end ==================================
2024-11-08 14:23:38,044:INFO:Creating metrics dataframe
2024-11-08 14:23:38,120:INFO:Initializing Gradient Boosting Classifier
2024-11-08 14:23:38,120:INFO:Total runtime is 0.3078202525774638 minutes
2024-11-08 14:23:38,153:INFO:SubProcess create_model() called ==================================
2024-11-08 14:23:38,155:INFO:Initializing create_model()
2024-11-08 14:23:38,155:INFO:create_model(estimator=gbc, fold=StratifiedKFold(n_splits=10, random_state=None, shuffle=False), round=4, cross_validation=True, predict=True, fit_kwargs={}, groups=None, refit=False, verbose=False, system=False, metrics=None, experiment_custom_tags=None, add_to_model_list=True, probability_threshold=None, display=<pycaret.internal.Display.Display object at 0x0000026FF48550C8>, return_train_score=False, kwargs={})
2024-11-08 14:23:38,155:INFO:Checking exceptions
2024-11-08 14:23:38,155:INFO:Importing libraries
2024-11-08 14:23:38,155:INFO:Copying training dataset
2024-11-08 14:23:38,159:INFO:Defining folds
2024-11-08 14:23:38,159:INFO:Declaring metric variables
2024-11-08 14:23:38,189:INFO:Importing untrained model
2024-11-08 14:23:38,212:INFO:Gradient Boosting Classifier Imported succesfully
2024-11-08 14:23:38,257:INFO:Starting cross validation
2024-11-08 14:23:38,257:INFO:Cross validating with StratifiedKFold(n_splits=10, random_state=None, shuffle=False), n_jobs=-1
2024-11-08 14:23:39,095:INFO:Calculating mean and std
2024-11-08 14:23:39,095:INFO:Creating metrics dataframe
2024-11-08 14:23:39,110:INFO:Uploading results into container
2024-11-08 14:23:39,110:INFO:Uploading model into container now
2024-11-08 14:23:39,110:INFO:create_model_container: 10
2024-11-08 14:23:39,110:INFO:master_model_container: 10
2024-11-08 14:23:39,118:INFO:display_container: 2
2024-11-08 14:23:39,120:INFO:GradientBoostingClassifier(ccp_alpha=0.0, criterion='friedman_mse', init=None,
                           learning_rate=0.1, loss='deviance', max_depth=3,
                           max_features=None, max_leaf_nodes=None,
                           min_impurity_decrease=0.0, min_impurity_split=None,
                           min_samples_leaf=1, min_samples_split=2,
                           min_weight_fraction_leaf=0.0, n_estimators=100,
                           n_iter_no_change=None, presort='deprecated',
                           random_state=3149, subsample=1.0, tol=0.0001,
                           validation_fraction=0.1, verbose=0,
                           warm_start=False)
2024-11-08 14:23:39,120:INFO:create_model() succesfully completed......................................
2024-11-08 14:23:39,250:INFO:SubProcess create_model() end ==================================
2024-11-08 14:23:39,250:INFO:Creating metrics dataframe
2024-11-08 14:23:39,309:INFO:Initializing Linear Discriminant Analysis
2024-11-08 14:23:39,309:INFO:Total runtime is 0.3276349027951559 minutes
2024-11-08 14:23:39,331:INFO:SubProcess create_model() called ==================================
2024-11-08 14:23:39,331:INFO:Initializing create_model()
2024-11-08 14:23:39,331:INFO:create_model(estimator=lda, fold=StratifiedKFold(n_splits=10, random_state=None, shuffle=False), round=4, cross_validation=True, predict=True, fit_kwargs={}, groups=None, refit=False, verbose=False, system=False, metrics=None, experiment_custom_tags=None, add_to_model_list=True, probability_threshold=None, display=<pycaret.internal.Display.Display object at 0x0000026FF48550C8>, return_train_score=False, kwargs={})
2024-11-08 14:23:39,334:INFO:Checking exceptions
2024-11-08 14:23:39,334:INFO:Importing libraries
2024-11-08 14:23:39,334:INFO:Copying training dataset
2024-11-08 14:23:39,334:INFO:Defining folds
2024-11-08 14:23:39,334:INFO:Declaring metric variables
2024-11-08 14:23:39,356:INFO:Importing untrained model
2024-11-08 14:23:39,380:INFO:Linear Discriminant Analysis Imported succesfully
2024-11-08 14:23:39,445:INFO:Starting cross validation
2024-11-08 14:23:39,454:INFO:Cross validating with StratifiedKFold(n_splits=10, random_state=None, shuffle=False), n_jobs=-1
2024-11-08 14:23:39,577:INFO:Calculating mean and std
2024-11-08 14:23:39,577:INFO:Creating metrics dataframe
2024-11-08 14:23:39,592:INFO:Uploading results into container
2024-11-08 14:23:39,592:INFO:Uploading model into container now
2024-11-08 14:23:39,592:INFO:create_model_container: 11
2024-11-08 14:23:39,592:INFO:master_model_container: 11
2024-11-08 14:23:39,592:INFO:display_container: 2
2024-11-08 14:23:39,592:INFO:LinearDiscriminantAnalysis(n_components=None, priors=None, shrinkage=None,
                           solver='svd', store_covariance=False, tol=0.0001)
2024-11-08 14:23:39,592:INFO:create_model() succesfully completed......................................
2024-11-08 14:23:39,698:INFO:SubProcess create_model() end ==================================
2024-11-08 14:23:39,699:INFO:Creating metrics dataframe
2024-11-08 14:23:39,756:INFO:Initializing Extra Trees Classifier
2024-11-08 14:23:39,756:INFO:Total runtime is 0.33508765697479254 minutes
2024-11-08 14:23:39,774:INFO:SubProcess create_model() called ==================================
2024-11-08 14:23:39,774:INFO:Initializing create_model()
2024-11-08 14:23:39,774:INFO:create_model(estimator=et, fold=StratifiedKFold(n_splits=10, random_state=None, shuffle=False), round=4, cross_validation=True, predict=True, fit_kwargs={}, groups=None, refit=False, verbose=False, system=False, metrics=None, experiment_custom_tags=None, add_to_model_list=True, probability_threshold=None, display=<pycaret.internal.Display.Display object at 0x0000026FF48550C8>, return_train_score=False, kwargs={})
2024-11-08 14:23:39,774:INFO:Checking exceptions
2024-11-08 14:23:39,774:INFO:Importing libraries
2024-11-08 14:23:39,781:INFO:Copying training dataset
2024-11-08 14:23:39,781:INFO:Defining folds
2024-11-08 14:23:39,781:INFO:Declaring metric variables
2024-11-08 14:23:39,804:INFO:Importing untrained model
2024-11-08 14:23:39,830:INFO:Extra Trees Classifier Imported succesfully
2024-11-08 14:23:39,887:INFO:Starting cross validation
2024-11-08 14:23:39,887:INFO:Cross validating with StratifiedKFold(n_splits=10, random_state=None, shuffle=False), n_jobs=-1
2024-11-08 14:23:42,405:INFO:Calculating mean and std
2024-11-08 14:23:42,414:INFO:Creating metrics dataframe
2024-11-08 14:23:42,428:INFO:Uploading results into container
2024-11-08 14:23:42,429:INFO:Uploading model into container now
2024-11-08 14:23:42,429:INFO:create_model_container: 12
2024-11-08 14:23:42,430:INFO:master_model_container: 12
2024-11-08 14:23:42,430:INFO:display_container: 2
2024-11-08 14:23:42,430:INFO:ExtraTreesClassifier(bootstrap=False, ccp_alpha=0.0, class_weight=None,
                     criterion='gini', max_depth=None, max_features='auto',
                     max_leaf_nodes=None, max_samples=None,
                     min_impurity_decrease=0.0, min_impurity_split=None,
                     min_samples_leaf=1, min_samples_split=2,
                     min_weight_fraction_leaf=0.0, n_estimators=100, n_jobs=-1,
                     oob_score=False, random_state=3149, verbose=0,
                     warm_start=False)
2024-11-08 14:23:42,430:INFO:create_model() succesfully completed......................................
2024-11-08 14:23:42,576:INFO:SubProcess create_model() end ==================================
2024-11-08 14:23:42,576:INFO:Creating metrics dataframe
2024-11-08 14:23:42,631:INFO:Initializing Light Gradient Boosting Machine
2024-11-08 14:23:42,631:INFO:Total runtime is 0.3830061833063762 minutes
2024-11-08 14:23:42,655:INFO:SubProcess create_model() called ==================================
2024-11-08 14:23:42,655:INFO:Initializing create_model()
2024-11-08 14:23:42,655:INFO:create_model(estimator=lightgbm, fold=StratifiedKFold(n_splits=10, random_state=None, shuffle=False), round=4, cross_validation=True, predict=True, fit_kwargs={}, groups=None, refit=False, verbose=False, system=False, metrics=None, experiment_custom_tags=None, add_to_model_list=True, probability_threshold=None, display=<pycaret.internal.Display.Display object at 0x0000026FF48550C8>, return_train_score=False, kwargs={})
2024-11-08 14:23:42,655:INFO:Checking exceptions
2024-11-08 14:23:42,655:INFO:Importing libraries
2024-11-08 14:23:42,655:INFO:Copying training dataset
2024-11-08 14:23:42,664:INFO:Defining folds
2024-11-08 14:23:42,665:INFO:Declaring metric variables
2024-11-08 14:23:42,690:INFO:Importing untrained model
2024-11-08 14:23:42,720:INFO:Light Gradient Boosting Machine Imported succesfully
2024-11-08 14:23:42,776:INFO:Starting cross validation
2024-11-08 14:23:42,778:INFO:Cross validating with StratifiedKFold(n_splits=10, random_state=None, shuffle=False), n_jobs=-1
2024-11-08 14:23:44,852:INFO:Calculating mean and std
2024-11-08 14:23:44,852:INFO:Creating metrics dataframe
2024-11-08 14:23:44,869:INFO:Uploading results into container
2024-11-08 14:23:44,869:INFO:Uploading model into container now
2024-11-08 14:23:44,869:INFO:create_model_container: 13
2024-11-08 14:23:44,869:INFO:master_model_container: 13
2024-11-08 14:23:44,869:INFO:display_container: 2
2024-11-08 14:23:44,869:INFO:LGBMClassifier(boosting_type='gbdt', class_weight=None, colsample_bytree=1.0,
               importance_type='split', learning_rate=0.1, max_depth=-1,
               min_child_samples=20, min_child_weight=0.001, min_split_gain=0.0,
               n_estimators=100, n_jobs=-1, num_leaves=31, objective=None,
               random_state=3149, reg_alpha=0.0, reg_lambda=0.0, subsample=1.0,
               subsample_for_bin=200000, subsample_freq=0)
2024-11-08 14:23:44,869:INFO:create_model() succesfully completed......................................
2024-11-08 14:23:44,987:INFO:SubProcess create_model() end ==================================
2024-11-08 14:23:44,987:INFO:Creating metrics dataframe
2024-11-08 14:23:45,036:INFO:Initializing Dummy Classifier
2024-11-08 14:23:45,037:INFO:Total runtime is 0.4231059908866883 minutes
2024-11-08 14:23:45,060:INFO:SubProcess create_model() called ==================================
2024-11-08 14:23:45,060:INFO:Initializing create_model()
2024-11-08 14:23:45,060:INFO:create_model(estimator=dummy, fold=StratifiedKFold(n_splits=10, random_state=None, shuffle=False), round=4, cross_validation=True, predict=True, fit_kwargs={}, groups=None, refit=False, verbose=False, system=False, metrics=None, experiment_custom_tags=None, add_to_model_list=True, probability_threshold=None, display=<pycaret.internal.Display.Display object at 0x0000026FF48550C8>, return_train_score=False, kwargs={})
2024-11-08 14:23:45,060:INFO:Checking exceptions
2024-11-08 14:23:45,060:INFO:Importing libraries
2024-11-08 14:23:45,063:INFO:Copying training dataset
2024-11-08 14:23:45,064:INFO:Defining folds
2024-11-08 14:23:45,064:INFO:Declaring metric variables
2024-11-08 14:23:45,088:INFO:Importing untrained model
2024-11-08 14:23:45,116:INFO:Dummy Classifier Imported succesfully
2024-11-08 14:23:45,168:INFO:Starting cross validation
2024-11-08 14:23:45,168:INFO:Cross validating with StratifiedKFold(n_splits=10, random_state=None, shuffle=False), n_jobs=-1
2024-11-08 14:23:45,284:INFO:Calculating mean and std
2024-11-08 14:23:45,287:INFO:Creating metrics dataframe
2024-11-08 14:23:45,298:INFO:Uploading results into container
2024-11-08 14:23:45,306:INFO:Uploading model into container now
2024-11-08 14:23:45,306:INFO:create_model_container: 14
2024-11-08 14:23:45,307:INFO:master_model_container: 14
2024-11-08 14:23:45,307:INFO:display_container: 2
2024-11-08 14:23:45,307:INFO:DummyClassifier(constant=None, random_state=3149, strategy='prior')
2024-11-08 14:23:45,308:INFO:create_model() succesfully completed......................................
2024-11-08 14:23:45,420:INFO:SubProcess create_model() end ==================================
2024-11-08 14:23:45,420:INFO:Creating metrics dataframe
2024-11-08 14:23:45,551:INFO:Initializing create_model()
2024-11-08 14:23:45,551:INFO:create_model(estimator=AdaBoostClassifier(algorithm='SAMME.R', base_estimator=None, learning_rate=1.0,
                   n_estimators=50, random_state=3149), fold=StratifiedKFold(n_splits=10, random_state=None, shuffle=False), round=4, cross_validation=False, predict=False, fit_kwargs={}, groups=None, refit=True, verbose=False, system=False, metrics=None, experiment_custom_tags=None, add_to_model_list=True, probability_threshold=None, display=None, return_train_score=False, kwargs={})
2024-11-08 14:23:45,551:INFO:Checking exceptions
2024-11-08 14:23:45,551:INFO:Importing libraries
2024-11-08 14:23:45,551:INFO:Copying training dataset
2024-11-08 14:23:45,558:INFO:Defining folds
2024-11-08 14:23:45,558:INFO:Declaring metric variables
2024-11-08 14:23:45,559:INFO:Importing untrained model
2024-11-08 14:23:45,559:INFO:Declaring custom model
2024-11-08 14:23:45,560:INFO:Ada Boost Classifier Imported succesfully
2024-11-08 14:23:45,560:INFO:Cross validation set to False
2024-11-08 14:23:45,562:INFO:Fitting Model
2024-11-08 14:23:45,831:INFO:AdaBoostClassifier(algorithm='SAMME.R', base_estimator=None, learning_rate=1.0,
                   n_estimators=50, random_state=3149)
2024-11-08 14:23:45,831:INFO:create_models() succesfully completed......................................
2024-11-08 14:23:46,090:INFO:create_model_container: 14
2024-11-08 14:23:46,090:INFO:master_model_container: 14
2024-11-08 14:23:46,090:INFO:display_container: 2
2024-11-08 14:23:46,090:INFO:AdaBoostClassifier(algorithm='SAMME.R', base_estimator=None, learning_rate=1.0,
                   n_estimators=50, random_state=3149)
2024-11-08 14:23:46,090:INFO:compare_models() succesfully completed......................................
